<?xml version="1.0" encoding="UTF-8"?>
<!-- Generated by org.testng.reporters.JUnitReportReporter -->
<testsuite hostname="DESKTOP-C9G084L" failures="0" tests="2" name="restassuredtut01.Test02" time="2.722" errors="0" timestamp="2024-11-21T16:43:35 IST" skipped="0">
  <testcase classname="restassuredtut01.Test02" name="test_02" time="2.708"/>
  <testcase classname="restassuredtut01.Test02" name="testPost" time="0.014"/>
</testsuite> <!-- restassuredtut01.Test02 -->
