<?xml version="1.0" encoding="UTF-8"?>
<!-- Generated by org.testng.reporters.JUnitReportReporter -->
<testsuite hostname="DESKTOP-C9G084L" failures="0" tests="1" name="restassuredtut01.Test01" time="2.829" errors="0" timestamp="2024-11-16T10:54:45 IST" skipped="0">
  <testcase classname="restassuredtut01.Test01" name="test_1" time="2.829"/>
</testsuite> <!-- restassuredtut01.Test01 -->
