<?xml version="1.0" encoding="UTF-8"?>
<!-- Generated by org.testng.reporters.JUnitReportReporter -->
<testsuite hostname="DESKTOP-C9G084L" failures="0" tests="1" name="restassuredtut01.Test14" time="1.621" errors="0" timestamp="2024-11-22T15:22:43 IST" skipped="0">
  <testcase classname="restassuredtut01.Test14" name="loginToSystem" time="1.621"/>
</testsuite> <!-- restassuredtut01.Test14 -->
