<?xml version="1.0" encoding="UTF-8"?>
<!-- Generated by org.testng.reporters.JUnitReportReporter -->
<testsuite hostname="DESKTOP-C9G084L" failures="0" tests="1" name="restassuredtut01.Test10" time="33.235" errors="0" timestamp="2024-11-22T12:31:29 IST" skipped="0">
  <testcase classname="restassuredtut01.Test10" name="downloadPdfFile" time="33.235"/>
</testsuite> <!-- restassuredtut01.Test10 -->
