<?xml version="1.0" encoding="UTF-8"?>
<!-- Generated by org.testng.reporters.JUnitReportReporter -->
<testsuite hostname="DESKTOP-C9G084L" failures="0" tests="1" name="restassuredtut01.Test13" time="2.600" errors="0" timestamp="2024-11-22T13:13:07 IST" skipped="0">
  <testcase classname="restassuredtut01.Test13" name="loginToSystem" time="2.600"/>
</testsuite> <!-- restassuredtut01.Test13 -->
