<?xml version="1.0" encoding="UTF-8"?>
<!-- Generated by org.testng.reporters.JUnitReportReporter -->
<testsuite hostname="LAPTOP-8LD3H0DF" failures="0" tests="1" name="restassuredtut01.bid_controller_10" time="1.507" errors="0" timestamp="2024-11-28T17:14:45 IST" skipped="0">
  <testcase classname="restassuredtut01.bid_controller_10" name="loginToSystem" time="1.507"/>
  <system-out/>
</testsuite> <!-- restassuredtut01.bid_controller_10 -->
