<?xml version="1.0" encoding="UTF-8"?>
<!-- Generated by org.testng.reporters.JUnitReportReporter -->
<testsuite hostname="DESKTOP-C9G084L" failures="0" tests="2" name="login.Login" time="1.870" errors="0" timestamp="2024-11-19T16:52:48 IST" skipped="0">
  <testcase classname="login.Login" name="loginToSystem" time="1.721"/>
  <testcase classname="login.Login" name="loginToSystem1" time="0.149"/>
</testsuite> <!-- login.Login -->
