<?xml version="1.0" encoding="UTF-8"?>
<!-- Generated by org.testng.reporters.JUnitReportReporter -->
<testsuite hostname="LAPTOP-8LD3H0DF" failures="0" tests="1" name="restassuredtut01.StockJewellery" time="2.944" errors="0" timestamp="2024-11-28T17:21:16 IST" skipped="0">
  <testcase classname="restassuredtut01.StockJewellery" name="loginToSystem" time="2.944"/>
  <system-out/>
</testsuite> <!-- restassuredtut01.StockJewellery -->
