<?xml version="1.0" encoding="UTF-8"?>
<!-- Generated by org.testng.reporters.JUnitReportReporter -->
<testsuite hostname="DESKTOP-C9G084L" failures="0" tests="1" name="restassuredtut01.Test38" time="3.085" errors="0" timestamp="2024-11-26T14:53:08 IST" skipped="0">
  <testcase classname="restassuredtut01.Test38" name="loginToSystem" time="3.085"/>
</testsuite> <!-- restassuredtut01.Test38 -->
