<?xml version="1.0" encoding="UTF-8"?>
<!-- Generated by org.testng.reporters.JUnitReportReporter -->
<testsuite hostname="DESKTOP-C9G084L" failures="0" tests="1" name="restassuredtut01.bid_controller_11" time="1.830" errors="0" timestamp="2024-11-26T15:11:48 IST" skipped="0">
  <testcase classname="restassuredtut01.bid_controller_11" name="loginToSystem" time="1.830"/>
</testsuite> <!-- restassuredtut01.bid_controller_11 -->
