<?xml version="1.0" encoding="UTF-8"?>
<!-- Generated by org.testng.reporters.JUnitReportReporter -->
<testsuite hostname="DESKTOP-C9G084L" failures="0" tests="1" name="restassuredtut01.Test09" time="2.578" errors="0" timestamp="2024-11-22T13:03:54 IST" skipped="0">
  <testcase classname="restassuredtut01.Test09" name="loginToSystem" time="2.578"/>
</testsuite> <!-- restassuredtut01.Test09 -->
